...found 8 targets...
...updating 7 targets...
common.mkdir bin.v2
common.mkdir bin.v2/libs
common.mkdir bin.v2/libs/context
common.mkdir bin.v2/libs/context/config
common.mkdir bin.v2/libs/context/config/gcc-9
common.mkdir bin.v2/libs/context/config/gcc-9/debug
gcc.compile.c++ bin.v2/libs/context/config/gcc-9/debug/32.o
/home/xinxin/coding/demo/writeConfig/boost_1_54_0/libs/context/config/32.cpp:9:36: error: narrowing conversion of ‘-1’ from ‘int’ to ‘long unsigned int’ [-Wnarrowing]
    9 | int test[sizeof(void*) == 4? 1 : -1];
      |                                    ^
/home/xinxin/coding/demo/writeConfig/boost_1_54_0/libs/context/config/32.cpp:9:28: error: size ‘-1’ of array ‘test’ is negative
    9 | int test[sizeof(void*) == 4? 1 : -1];
      |          ~~~~~~~~~~~~~~~~~~^~~~~~~~

    "g++"  -ftemplate-depth-128 -O0 -fno-inline -Wall -g -fPIC  -DBOOST_ALL_NO_LIB=1  -I"." -c -o "bin.v2/libs/context/config/gcc-9/debug/32.o" "/home/xinxin/coding/demo/writeConfig/boost_1_54_0/libs/context/config/32.cpp"

...failed gcc.compile.c++ bin.v2/libs/context/config/gcc-9/debug/32.o...
...failed updating 1 target...
...updated 6 targets...
...found 2 targets...
...updating 1 target...
gcc.compile.c++ bin.v2/libs/context/config/gcc-9/debug/64.o
...updated 1 target...
...found 2 targets...
...updating 1 target...
gcc.compile.c++ bin.v2/libs/context/config/gcc-9/debug/arm.o
/home/xinxin/coding/demo/writeConfig/boost_1_54_0/libs/context/config/arm.cpp:12:2: error: #error "Not ARM"
   12 | #error "Not ARM"
      |  ^~~~~

    "g++"  -ftemplate-depth-128 -O0 -fno-inline -Wall -g -fPIC  -DBOOST_ALL_NO_LIB=1  -I"." -c -o "bin.v2/libs/context/config/gcc-9/debug/arm.o" "/home/xinxin/coding/demo/writeConfig/boost_1_54_0/libs/context/config/arm.cpp"

...failed gcc.compile.c++ bin.v2/libs/context/config/gcc-9/debug/arm.o...
...failed updating 1 target...
...found 2 targets...
...updating 1 target...
gcc.compile.c++ bin.v2/libs/context/config/gcc-9/debug/mips1.o
/home/xinxin/coding/demo/writeConfig/boost_1_54_0/libs/context/config/mips1.cpp:10:2: error: #error "Not MIPS1"
   10 | #error "Not MIPS1"
      |  ^~~~~

    "g++"  -ftemplate-depth-128 -O0 -fno-inline -Wall -g -fPIC  -DBOOST_ALL_NO_LIB=1  -I"." -c -o "bin.v2/libs/context/config/gcc-9/debug/mips1.o" "/home/xinxin/coding/demo/writeConfig/boost_1_54_0/libs/context/config/mips1.cpp"

...failed gcc.compile.c++ bin.v2/libs/context/config/gcc-9/debug/mips1.o...
...failed updating 1 target...
...found 2 targets...
...updating 1 target...
gcc.compile.c++ bin.v2/libs/context/config/gcc-9/debug/power.o
/home/xinxin/coding/demo/writeConfig/boost_1_54_0/libs/context/config/power.cpp:13:2: error: #error "Not PPC"
   13 | #error "Not PPC"
      |  ^~~~~

    "g++"  -ftemplate-depth-128 -O0 -fno-inline -Wall -g -fPIC  -DBOOST_ALL_NO_LIB=1  -I"." -c -o "bin.v2/libs/context/config/gcc-9/debug/power.o" "/home/xinxin/coding/demo/writeConfig/boost_1_54_0/libs/context/config/power.cpp"

...failed gcc.compile.c++ bin.v2/libs/context/config/gcc-9/debug/power.o...
...failed updating 1 target...
...found 2 targets...
...updating 1 target...
gcc.compile.c++ bin.v2/libs/context/config/gcc-9/debug/sparc.o
/home/xinxin/coding/demo/writeConfig/boost_1_54_0/libs/context/config/sparc.cpp:10:2: error: #error "Not SPARC"
   10 | #error "Not SPARC"
      |  ^~~~~

    "g++"  -ftemplate-depth-128 -O0 -fno-inline -Wall -g -fPIC  -DBOOST_ALL_NO_LIB=1  -I"." -c -o "bin.v2/libs/context/config/gcc-9/debug/sparc.o" "/home/xinxin/coding/demo/writeConfig/boost_1_54_0/libs/context/config/sparc.cpp"

...failed gcc.compile.c++ bin.v2/libs/context/config/gcc-9/debug/sparc.o...
...failed updating 1 target...
...found 2 targets...
...updating 1 target...
gcc.compile.c++ bin.v2/libs/context/config/gcc-9/debug/x86.o
...updated 1 target...
...found 76 targets...
...updating 6 targets...
common.mkdir bin.v2/libs/regex
common.mkdir bin.v2/libs/regex/build
common.mkdir bin.v2/libs/regex/build/gcc-9
common.mkdir bin.v2/libs/regex/build/gcc-9/debug
gcc.compile.c++ bin.v2/libs/regex/build/gcc-9/debug/has_icu_test.o
libs/regex/build/has_icu_test.cpp: In function ‘int main()’:
libs/regex/build/has_icu_test.cpp:24:12: warning: unused variable ‘c’ [-Wunused-variable]
   24 |    UChar32 c = ::u_charFromName(U_UNICODE_CHAR_NAME, "GREEK SMALL LETTER ALPHA", &err);
      |            ^
gcc.link bin.v2/libs/regex/build/gcc-9/debug/has_icu
...updated 6 targets...
...found 9 targets...
...updating 7 targets...
common.mkdir bin.v2/standalone
common.mkdir bin.v2/standalone/ac
common.mkdir bin.v2/standalone/ac/gcc-9
common.mkdir bin.v2/standalone/ac/gcc-9/release
common.mkdir bin.v2/standalone/ac/gcc-9/release/threading-multi
gcc.compile.c++ bin.v2/standalone/ac/gcc-9/release/threading-multi/zlib.h.o
...updated 7 targets...
...found 5 targets...
...updating 3 targets...
gcc.compile.c++ bin.v2/standalone/ac/gcc-9/release/threading-multi/main.o
gcc.link bin.v2/standalone/ac/gcc-9/release/threading-multi/z
...updated 3 targets...
...found 8 targets...
...updating 6 targets...
common.mkdir bin.v2/libs/locale
common.mkdir bin.v2/libs/locale/build
common.mkdir bin.v2/libs/locale/build/gcc-9
common.mkdir bin.v2/libs/locale/build/gcc-9/debug
gcc.compile.c++ bin.v2/libs/locale/build/gcc-9/debug/has_iconv_libc_obj.o
gcc.link bin.v2/libs/locale/build/gcc-9/debug/has_iconv
...updated 6 targets...
...found 8 targets...
...updating 2 targets...
gcc.compile.c++ bin.v2/libs/locale/build/gcc-9/debug/has_icu_obj.o
libs/locale/src/../build/has_icu_test.cpp: In function ‘int main()’:
libs/locale/src/../build/has_icu_test.cpp:26:12: warning: unused variable ‘c’ [-Wunused-variable]
   26 |    UChar32 c = ::u_charFromName(U_UNICODE_CHAR_NAME, "GREEK SMALL LETTER ALPHA", &err);
      |            ^
gcc.link bin.v2/libs/locale/build/gcc-9/debug/has_icu
...updated 2 targets...
...found 9 targets...
...updating 7 targets...
common.mkdir bin.v2/libs/log
common.mkdir bin.v2/libs/log/config
common.mkdir bin.v2/libs/log/config/x86-ext
common.mkdir bin.v2/libs/log/config/x86-ext/gcc-9
common.mkdir bin.v2/libs/log/config/x86-ext/gcc-9/debug
common.mkdir bin.v2/libs/log/config/x86-ext/gcc-9/debug/pch-off
gcc.compile.c++ bin.v2/libs/log/config/x86-ext/gcc-9/debug/pch-off/ssse3.o
...updated 7 targets...
...found 3 targets...
...updating 1 target...
gcc.compile.c++ bin.v2/libs/log/config/x86-ext/gcc-9/debug/pch-off/avx2.o
...updated 1 target...
...found 6 targets...
...updating 5 targets...
common.mkdir bin.v2/libs/math
common.mkdir bin.v2/libs/math/config
common.mkdir bin.v2/libs/math/config/gcc-9
common.mkdir bin.v2/libs/math/config/gcc-9/debug
gcc.compile.c++ bin.v2/libs/math/config/gcc-9/debug/has_gcc_visibility.o
...updated 5 targets...
...found 42 targets...
...updating 1 target...
gcc.compile.c++ bin.v2/libs/math/config/gcc-9/debug/has_long_double_support.o
...updated 1 target...
...found 3 targets...
...updating 3 targets...
common.mkdir bin.v2/standalone/ac/gcc-9/release/link-static
common.mkdir bin.v2/standalone/ac/gcc-9/release/link-static/threading-multi
gcc.compile.c++ bin.v2/standalone/ac/gcc-9/release/link-static/threading-multi/zlib.h.o
...updated 3 targets...
...found 2 targets...
...updating 2 targets...
gcc.compile.c++ bin.v2/standalone/ac/gcc-9/release/link-static/threading-multi/main.o
gcc.link bin.v2/standalone/ac/gcc-9/release/link-static/threading-multi/z
...updated 2 targets...
...found 1 target...
...updating 1 target...
config-cache.write bin.v2/project-cache.jam
...updated 1 target...
